<?xml version="1.0" encoding="UTF-8"?>
<!-- Generated by org.testng.reporters.JUnitXMLReporter -->
<testsuite hostname="DESKTOP-IQ9CAEP" ignored="0" name="TestChrome" tests="1" failures="1" timestamp="2021-06-27T15:10:49 IST" time="15.847" errors="0">
  <testcase name="verifyLoginTestTC_001" time="1.639" classname="com.DemoFramework.Test.LoginTest">
    <failure type="java.lang.AssertionError" message="expected [nmcmcmc] but found [Facebook - लॉग इन किंवा साइन अप]">
      <![CDATA[java.lang.AssertionError: expected [nmcmcmc] but found [Facebook - लॉग इन किंवा साइन अप]
at com.DemoFramework.Test.LoginTest.verifyLoginTestTC_001(LoginTest.java:36)
at java.util.ArrayList.forEach(Unknown Source)
... Removed 33 stack frames]]>
    </failure>
  </testcase> <!-- verifyLoginTestTC_001 -->
</testsuite> <!-- TestChrome -->
